<?xml version="1.0" encoding="UTF-8"?>
<!-- Generated by org.testng.reporters.JUnitReportReporter -->
<testsuite skipped="0" hostname="LP-5CD742BS9V" name="Apr10.MavenDemo.validateTitle" tests="1" failures="0" timestamp="10 Jun 2021 08:10:43 GMT" time="47.091" errors="0">
  <testcase name="validatetitle" time="47.091" classname="Apr10.MavenDemo.validateTitle"/>
</testsuite> <!-- Apr10.MavenDemo.validateTitle -->
